[debug] [2020-04-14T01:50:24.631Z] ----------------------------------------------------------------------
[debug] [2020-04-14T01:50:24.634Z] Command:       C:\Program Files\nodejs\node.exe C:\Users\Usuario\AppData\Roaming\npm\node_modules\firebase-tools\lib\bin\firebase.js serve
[debug] [2020-04-14T01:50:24.635Z] CLI Version:   7.15.1
[debug] [2020-04-14T01:50:24.635Z] Platform:      win32
[debug] [2020-04-14T01:50:24.635Z] Node Version:  v13.11.0
[debug] [2020-04-14T01:50:24.637Z] Time:          Mon Apr 13 2020 22:50:24 GMT-0300 (hora estándar de Argentina)
[debug] [2020-04-14T01:50:24.637Z] ----------------------------------------------------------------------
[debug] [2020-04-14T01:50:24.637Z] 
[debug] [2020-04-14T01:50:24.657Z] > command requires scopes: ["email","openid","https://www.googleapis.com/auth/cloudplatformprojects.readonly","https://www.googleapis.com/auth/firebase","https://www.googleapis.com/auth/cloud-platform"]
[debug] [2020-04-14T01:50:24.658Z] > authorizing via signed-in user
[debug] [2020-04-14T01:50:24.658Z] [iam] checking project blui-13a06 for permissions ["firebase.projects.get"]
[debug] [2020-04-14T01:50:24.661Z] > refreshing access token with scopes: ["email","https://www.googleapis.com/auth/cloud-platform","https://www.googleapis.com/auth/cloudplatformprojects.readonly","https://www.googleapis.com/auth/firebase","openid"]
[debug] [2020-04-14T01:50:24.662Z] >>> HTTP REQUEST POST https://www.googleapis.com/oauth2/v3/token  
 <request body omitted>
[debug] [2020-04-14T01:50:25.149Z] <<< HTTP RESPONSE 200
[debug] [2020-04-14T01:50:25.163Z] >>> HTTP REQUEST POST https://cloudresourcemanager.googleapis.com/v1/projects/blui-13a06:testIamPermissions  

[debug] [2020-04-14T01:50:26.697Z] <<< HTTP RESPONSE 200
[debug] [2020-04-14T01:50:26.699Z] >>> HTTP REQUEST GET https://firebase.googleapis.com/v1beta1/projects/blui-13a06  
 
[debug] [2020-04-14T01:50:28.279Z] <<< HTTP RESPONSE 200
[info] 
[info] === Serving from 'C:\Users\Usuario'...
[info] 
[debug] [2020-04-14T01:50:28.320Z] >>> HTTP REQUEST GET https://firebase.googleapis.com/v1beta1/projects/blui-13a06/webApps/-/config  
 
[debug] [2020-04-14T01:50:29.917Z] <<< HTTP RESPONSE 200
[info] i  hosting: Serving hosting files from: public
[info] +  hosting: Local server: http://localhost:5000
